<?xml version="1.0" encoding="UTF-8"?>
<testsuite xmlns:xsi="http://www.w3.org/2001/XMLSchema-instance" xsi:schemaLocation="https://maven.apache.org/surefire/maven-surefire-plugin/xsd/surefire-test-report.xsd" name="TestSuite" time="55.425" tests="6" errors="0" skipped="0" failures="0">
  <properties>
    <property name="java.runtime.name" value="OpenJDK Runtime Environment"/>
    <property name="java.vm.version" value="11.0.25+9-LTS"/>
    <property name="sun.boot.library.path" value="/home/gitpod/.sdkman/candidates/java/11.0.25.fx-zulu/lib"/>
    <property name="jdk.vendor.version" value="Zulu11.76+21-CA"/>
    <property name="maven.multiModuleProjectDirectory" value="/workspace/LambdaTest_Selenium101"/>
    <property name="java.vm.vendor" value="Azul Systems, Inc."/>
    <property name="java.vendor.url" value="http://www.azul.com/"/>
    <property name="guice.disable.misplaced.annotation.check" value="true"/>
    <property name="path.separator" value=":"/>
    <property name="java.vm.name" value="OpenJDK 64-Bit Server VM"/>
    <property name="sun.os.patch.level" value="unknown"/>
    <property name="user.country" value="US"/>
    <property name="sun.java.launcher" value="SUN_STANDARD"/>
    <property name="java.vm.specification.name" value="Java Virtual Machine Specification"/>
    <property name="user.dir" value="/workspace/LambdaTest_Selenium101"/>
    <property name="java.vm.compressedOopsMode" value="Zero based"/>
    <property name="java.runtime.version" value="11.0.25+9-LTS"/>
    <property name="java.awt.graphicsenv" value="sun.awt.X11GraphicsEnvironment"/>
    <property name="os.arch" value="amd64"/>
    <property name="java.io.tmpdir" value="/tmp"/>
    <property name="line.separator" value="&#10;"/>
    <property name="java.vm.specification.vendor" value="Oracle Corporation"/>
    <property name="os.name" value="Linux"/>
    <property name="classworlds.conf" value="/home/gitpod/.sdkman/candidates/maven/current/bin/m2.conf"/>
    <property name="sun.jnu.encoding" value="UTF-8"/>
    <property name="java.library.path" value="/usr/java/packages/lib:/usr/lib64:/lib64:/lib:/usr/lib"/>
    <property name="maven.conf" value="/home/gitpod/.sdkman/candidates/maven/current/conf"/>
    <property name="jdk.debug" value="release"/>
    <property name="java.class.version" value="55.0"/>
    <property name="suite" value="testng.xml"/>
    <property name="java.specification.name" value="Java Platform API Specification"/>
    <property name="sun.management.compiler" value="HotSpot 64-Bit Tiered Compilers"/>
    <property name="os.version" value="6.1.91-060191-generic"/>
    <property name="library.jansi.path" value="/home/gitpod/.sdkman/candidates/maven/current/lib/jansi-native"/>
    <property name="user.home" value="/home/gitpod"/>
    <property name="user.timezone" value="Etc/UTC"/>
    <property name="java.awt.printerjob" value="sun.print.PSPrinterJob"/>
    <property name="file.encoding" value="UTF-8"/>
    <property name="java.specification.version" value="11"/>
    <property name="user.name" value="gitpod"/>
    <property name="java.class.path" value="/home/gitpod/.sdkman/candidates/maven/current/boot/plexus-classworlds-2.8.0.jar"/>
    <property name="java.vm.specification.version" value="11"/>
    <property name="sun.arch.data.model" value="64"/>
    <property name="sun.java.command" value="org.codehaus.plexus.classworlds.launcher.Launcher test -D suite=testng.xml"/>
    <property name="java.home" value="/home/gitpod/.sdkman/candidates/java/11.0.25.fx-zulu"/>
    <property name="user.language" value="en"/>
    <property name="java.specification.vendor" value="Oracle Corporation"/>
    <property name="awt.toolkit" value="sun.awt.X11.XToolkit"/>
    <property name="java.vm.info" value="mixed mode"/>
    <property name="java.version" value="11.0.25"/>
    <property name="java.vendor" value="Azul Systems, Inc."/>
    <property name="java.specification.maintenance.version" value="3"/>
    <property name="maven.home" value="/home/gitpod/.sdkman/candidates/maven/current"/>
    <property name="file.separator" value="/"/>
    <property name="java.version.date" value="2024-10-15"/>
    <property name="java.vendor.url.bug" value="http://www.azul.com/support/"/>
    <property name="sun.io.unicode.encoding" value="UnicodeLittle"/>
    <property name="sun.cpu.endian" value="little"/>
    <property name="java.vendor.version" value="Zulu11.76+21-CA"/>
    <property name="sun.cpu.isalist" value=""/>
  </properties>
  <testcase name="basicTest" classname="com.TC01_Validate_Message" time="0.192"/>
  <testcase name="basicTest" classname="com.TC01_Validate_Message" time="2.316"/>
  <testcase name="dragDropTest" classname="com.TC02_DragAndDropSliders" time="0.439"/>
  <testcase name="dragDropTest" classname="com.TC02_DragAndDropSliders" time="2.339"/>
  <testcase name="formSubmissionTest" classname="com.TC03_InputFormSubmission" time="5.919"/>
  <testcase name="formSubmissionTest" classname="com.TC03_InputFormSubmission" time="10.293"/>
</testsuite>