<?xml version="1.0" encoding="UTF-8"?>
<!-- Generated by org.testng.reporters.JUnitReportReporter -->
<testsuite hostname="5CG1377PDZ" failures="0" tests="2" name="com.TC02_DragAndDropSliders" time="39.851" errors="0" timestamp="2025-01-09T15:10:59 IST" skipped="0">
  <testcase classname="com.TC02_DragAndDropSliders" name="dragDropTest" time="21.825"/>
  <system-out/>
  <testcase classname="com.TC02_DragAndDropSliders" name="dragDropTest" time="18.026"/>
  <system-out/>
</testsuite> <!-- com.TC02_DragAndDropSliders -->
