<?xml version="1.0" encoding="UTF-8"?>
<!-- Generated by org.testng.reporters.JUnitReportReporter -->
<testsuite hostname="saurabhgunt-lambdatests-8vniefdfyms" failures="0" tests="2" name="com.TC03_InputFormSubmission" time="40.566" errors="0" timestamp="2025-01-09T10:46:37 UTC" skipped="0">
  <testcase classname="com.TC03_InputFormSubmission" name="formSubmissionTest" time="13.567"/>
  <system-out/>
  <testcase classname="com.TC03_InputFormSubmission" name="formSubmissionTest" time="26.999"/>
  <system-out/>
</testsuite> <!-- com.TC03_InputFormSubmission -->
