<?xml version="1.0" encoding="UTF-8"?>
<!-- Generated by org.testng.reporters.JUnitReportReporter -->
<testsuite hostname="5CG1377PDZ" failures="0" tests="2" name="com.TC01_Validate_Message" time="29.740" errors="0" timestamp="2025-01-09T15:10:59 IST" skipped="0">
  <testcase classname="com.TC01_Validate_Message" name="basicTest" time="13.380"/>
  <system-out/>
  <testcase classname="com.TC01_Validate_Message" name="basicTest" time="16.360"/>
  <system-out/>
</testsuite> <!-- com.TC01_Validate_Message -->
