<?xml version="1.0" encoding="UTF-8"?>
<!-- Generated by org.testng.reporters.JUnitReportReporter -->
<testsuite hostname="saurabhgunt-lambdatests-8vniefdfyms" failures="0" tests="2" name="com.TC02_DragAndDropSliders" time="28.030" errors="0" timestamp="2025-01-09T10:46:37 UTC" skipped="0">
  <testcase classname="com.TC02_DragAndDropSliders" name="dragDropTest" time="13.934"/>
  <system-out/>
  <testcase classname="com.TC02_DragAndDropSliders" name="dragDropTest" time="14.096"/>
  <system-out/>
</testsuite> <!-- com.TC02_DragAndDropSliders -->
