<?xml version="1.0" encoding="UTF-8"?>
<!-- Generated by org.testng.reporters.JUnitReportReporter -->
<testsuite hostname="5CG1377PDZ" failures="0" tests="2" name="com.TC03_InputFormSubmission" time="65.412" errors="0" timestamp="2025-01-09T15:10:59 IST" skipped="0">
  <testcase classname="com.TC03_InputFormSubmission" name="formSubmissionTest" time="32.407"/>
  <system-out/>
  <testcase classname="com.TC03_InputFormSubmission" name="formSubmissionTest" time="33.005"/>
  <system-out/>
</testsuite> <!-- com.TC03_InputFormSubmission -->
