<?xml version="1.0" encoding="UTF-8"?>
<!-- Generated by org.testng.reporters.JUnitReportReporter -->
<testsuite hostname="saurabhgunt-lambdatests-8vniefdfyms" failures="0" tests="2" name="com.TC01_Validate_Message" time="29.638" errors="0" timestamp="2025-01-09T10:46:37 UTC" skipped="0">
  <testcase classname="com.TC01_Validate_Message" name="basicTest" time="13.854"/>
  <system-out/>
  <testcase classname="com.TC01_Validate_Message" name="basicTest" time="15.784"/>
  <system-out/>
</testsuite> <!-- com.TC01_Validate_Message -->
